IPERF CLIENT:
------------------------------------------------------------
Client connecting to 10.0.0.2, TCP port 5001
TCP window size: 85.3 KByte (default)
------------------------------------------------------------
[  1] local 10.0.0.1 port 38016 connected with 10.0.0.2 port 5001 (icwnd/mss/irtt=14/1448/5477)
[ ID] Interval       Transfer     Bandwidth
[  1] 0.0000-1.0000 sec  2.88 MBytes  24.1 Mbits/sec
[  1] 1.0000-2.0000 sec  1.14 MBytes  9.54 Mbits/sec
[  1] 2.0000-3.0000 sec  1.49 MBytes  12.5 Mbits/sec
[  1] 3.0000-4.0000 sec   568 KBytes  4.65 Mbits/sec
[  1] 4.0000-5.0000 sec  0.000 Bytes  0.000 bits/sec
[  1] 5.0000-6.0000 sec  0.000 Bytes  0.000 bits/sec
[  1] 6.0000-7.0000 sec  0.000 Bytes  0.000 bits/sec
[  1] 7.0000-8.0000 sec  0.000 Bytes  0.000 bits/sec
[  1] 8.0000-9.0000 sec  0.000 Bytes  0.000 bits/sec
[  1] 9.0000-10.0000 sec  0.000 Bytes  0.000 bits/sec
[  1] 10.0000-11.0000 sec  0.000 Bytes  0.000 bits/sec
[  1] 11.0000-12.0000 sec  0.000 Bytes  0.000 bits/sec
[  1] 12.0000-13.0000 sec  0.000 Bytes  0.000 bits/sec
[  1] 13.0000-14.0000 sec   256 KBytes  2.10 Mbits/sec
[  1] 14.0000-15.0000 sec  1.37 MBytes  11.5 Mbits/sec


IPERF SERVER:
------------------------------------------------------------
Server listening on TCP port 5001
TCP window size: 85.3 KByte (default)
------------------------------------------------------------
[  1] local 10.0.0.2 port 5001 connected with 10.0.0.1 port 38016 (icwnd/mss/irtt=14/1448/769)

Client log: /tmp/p2_h1_iperf_20251014_004004.log
Server log: /tmp/p2_h2_iperf_20251014_004004.log
Controller log: (not started)
