------------------------------------------------------------
Client connecting to 10.0.67.2, TCP port 5001
TCP window size: 85.3 KByte (default)
------------------------------------------------------------
[  1] local 10.0.12.2 port 36672 connected with 10.0.67.2 port 5001 (icwnd/mss/irtt=14/1448/293)
[ ID] Interval       Transfer     Bandwidth
[  1] 0.0000-1.0000 sec  12.5 MBytes   105 Mbits/sec
[  1] 1.0000-2.0000 sec  11.8 MBytes  98.6 Mbits/sec
[  1] 2.0000-3.0000 sec  11.1 MBytes  93.3 Mbits/sec
[  1] 3.0000-4.0000 sec  11.2 MBytes  94.4 Mbits/sec
[  1] 4.0000-5.0000 sec  1.62 MBytes  13.6 Mbits/sec
[  1] 5.0000-6.0000 sec  1.12 MBytes  9.44 Mbits/sec
[  1] 6.0000-7.0000 sec  1.12 MBytes  9.44 Mbits/sec
[  1] 7.0000-8.0000 sec  1.12 MBytes  9.44 Mbits/sec
[  1] 8.0000-9.0000 sec  1.12 MBytes  9.44 Mbits/sec
[  1] 9.0000-10.0000 sec  1.12 MBytes  9.44 Mbits/sec
[  1] 10.0000-11.0000 sec  1.12 MBytes  9.44 Mbits/sec
[  1] 11.0000-12.0000 sec  1.14 MBytes  9.55 Mbits/sec
[  1] 12.0000-13.0000 sec  1.06 MBytes  8.89 Mbits/sec
[  1] 13.0000-14.0000 sec  1.24 MBytes  10.4 Mbits/sec
[  1] 14.0000-15.0000 sec  1.37 MBytes  11.5 Mbits/sec
[  1] 15.0000-16.0000 sec  1.43 MBytes  12.0 Mbits/sec
[  1] 16.0000-17.0000 sec  1.55 MBytes  13.0 Mbits/sec
[  1] 17.0000-18.0000 sec  1.68 MBytes  14.1 Mbits/sec
[  1] 18.0000-19.0000 sec  1.80 MBytes  15.1 Mbits/sec
[  1] 19.0000-20.0000 sec  9.88 MBytes  82.8 Mbits/sec
[  1] 20.0000-21.0000 sec  11.2 MBytes  94.4 Mbits/sec
[  1] 21.0000-22.0000 sec  11.4 MBytes  95.4 Mbits/sec
[  1] 22.0000-23.0000 sec  11.5 MBytes  96.5 Mbits/sec
[  1] 23.0000-24.0000 sec  11.2 MBytes  94.4 Mbits/sec
[  1] 24.0000-25.0000 sec  11.4 MBytes  95.4 Mbits/sec
[  1] 25.0000-26.0000 sec  11.4 MBytes  95.4 Mbits/sec
[  1] 26.0000-27.0000 sec  11.4 MBytes  95.4 Mbits/sec
[  1] 27.0000-28.0000 sec  11.5 MBytes  96.5 Mbits/sec
[  1] 28.0000-29.0000 sec  11.4 MBytes  95.4 Mbits/sec
[  1] 29.0000-30.0000 sec  11.6 MBytes  97.5 Mbits/sec
[  1] 30.0000-30.2836 sec   128 KBytes  3.70 Mbits/sec
[  1] 0.0000-30.2836 sec   190 MBytes  52.7 Mbits/sec
