================================================================================
SDN CONVERGENCE TIME ANALYSIS
Test Start: 2025-10-17 00:40:13
================================================================================

TIMING EVENTS:
  Link Failure at: t = 5.004s
  Link Recovery at: t = 10.013s
  Link Down Duration: 5.009s

================================================================================
FLOW TABLE CHANGE ANALYSIS:
================================================================================
Check controller.log for [FLOW_CHANGE] entries
Flow changes show when routing rules are updated during convergence
Look for timestamps between link failure and recovery to measure convergence time

================================================================================
CONVERGENCE INFERENCE FROM IPERF:
================================================================================
Look for bandwidth drop during [5.0s, 10.0s]
Convergence time = time until bandwidth returns to normal

CLIENT IPERF OUTPUT:
--------------------------------------------------------------------------------
------------------------------------------------------------
Client connecting to 10.0.67.2, TCP port 5001
TCP window size: 85.3 KByte (default)
------------------------------------------------------------
[  1] local 10.0.12.2 port 59584 connected with 10.0.67.2 port 5001 (icwnd/mss/irtt=14/1448/2118)
[ ID] Interval       Transfer     Bandwidth
[  1] 0.0000-1.0000 sec  2.63 MBytes  22.0 Mbits/sec
[  1] 1.0000-2.0000 sec  1.15 MBytes  9.63 Mbits/sec
[  1] 2.0000-3.0000 sec  1.12 MBytes  9.38 Mbits/sec
[  1] 3.0000-4.0000 sec  1.18 MBytes  9.90 Mbits/sec
[  1] 4.0000-5.0000 sec   826 KBytes  6.76 Mbits/sec
[  1] 5.0000-6.0000 sec   508 KBytes  4.16 Mbits/sec
[  1] 6.0000-7.0000 sec   573 KBytes  4.69 Mbits/sec
[  1] 7.0000-8.0000 sec   701 KBytes  5.74 Mbits/sec
[  1] 8.0000-9.0000 sec   573 KBytes  4.69 Mbits/sec
[  1] 9.0000-10.0000 sec   829 KBytes  6.79 Mbits/sec
[  1] 10.0000-11.0000 sec  1.12 MBytes  9.38 Mbits/sec
[  1] 11.0000-12.0000 sec  1.12 MBytes  9.38 Mbits/sec
[  1] 12.0000-13.0000 sec  1.12 MBytes  9.38 Mbits/sec
[  1] 13.0000-14.0000 sec  1.18 MBytes  9.90 Mbits/sec
[  1] 14.0000-15.0000 sec  1.12 MBytes  9.38 Mbits/sec
[  1] 15.0000-16.0000 sec  1.18 MBytes  9.90 Mbits/sec
[  1] 16.0000-17.0000 sec  1.12 MBytes  9.38 Mbits/sec
[  1] 17.0000-18.0000 sec  1.18 MBytes  9.90 Mbits/sec
[  1] 18.0000-19.0000 sec  1.18 MBytes  9.90 Mbits/sec
[  1] 19.0000-20.0000 sec  1.12 MBytes  9.38 Mbits/sec
[  1] 20.0000-21.0000 sec  1.18 MBytes  9.90 Mbits/sec
[  1] 21.0000-22.0000 sec  1.12 MBytes  9.38 Mbits/sec
[  1] 22.0000-23.0000 sec  1.18 MBytes  9.90 Mbits/sec
[  1] 23.0000-24.0000 sec  1.12 MBytes  9.38 Mbits/sec
[  1] 24.0000-25.0000 sec  1.18 MBytes  9.90 Mbits/sec
[  1] 25.0000-26.0000 sec  1.12 MBytes  9.38 Mbits/sec
[  1] 26.0000-27.0000 sec  1.18 MBytes  9.90 Mbits/sec
[  1] 27.0000-28.0000 sec  1.12 MBytes  9.38 Mbits/sec
[  1] 28.0000-29.0000 sec  1.18 MBytes  9.90 Mbits/sec
[  1] 29.0000-30.0000 sec  1.12 MBytes  9.38 Mbits/sec



IPERF-BASED CONVERGENCE INFERENCE:
  baseline throughput (pre-failure): 8.92 Mbps
  convergence threshold: 8.03 Mbps (90% baseline)
  time from link-up until throughput >= threshold: 0.987s
  time from link-down until throughput fell below 4.46 Mbps: 0.996s
